<?xml version="1.0" encoding="UTF-8"?>
<!-- Generated by org.testng.reporters.JUnitXMLReporter -->
<testsuite ignored="0" hostname="N-5CG7492PHQ" failures="0" tests="46" name="Nopackage" time="2.72" errors="0" timestamp="12 cze 2018 10:15:37 GMT">
  <testcase classname="LOT.LotAllLanguages" name="@BeforeClass setUp" time="1.923">
    <failure type="java.lang.NoClassDefFoundError" message="pageObjects/HomePage">
      <![CDATA[java.lang.NoClassDefFoundError: pageObjects/HomePage
	at LOT.LotAllLanguages.setUp(LotAllLanguages.java:25)
Caused by: java.lang.ClassNotFoundException: pageObjects.HomePage
	at java.base/jdk.internal.loader.BuiltinClassLoader.loadClass(Unknown Source)
	at java.base/jdk.internal.loader.ClassLoaders$AppClassLoader.loadClass(Unknown Source)
	at java.base/java.lang.ClassLoader.loadClass(Unknown Source)
	... 25 more
... Removed 24 stack frames]]>
    </failure>
  </testcase> <!-- @BeforeClass setUp -->
  <testcase classname="LOT.LotAllLanguages" name="Test_HomePageTabs_AM" time="0.0">
    <skipped/>
  </testcase> <!-- Test_HomePageTabs_AM -->
  <testcase classname="LOT.LotAllLanguages" name="Test_HomePageTabs_AT" time="0.0">
    <skipped/>
  </testcase> <!-- Test_HomePageTabs_AT -->
  <testcase classname="LOT.LotAllLanguages" name="Test_HomePageTabs_BE" time="0.0">
    <skipped/>
  </testcase> <!-- Test_HomePageTabs_BE -->
  <testcase classname="LOT.LotAllLanguages" name="Test_HomePageTabs_BY" time="0.0">
    <skipped/>
  </testcase> <!-- Test_HomePageTabs_BY -->
  <testcase classname="LOT.LotAllLanguages" name="Test_HomePageTabs_CA" time="0.0">
    <skipped/>
  </testcase> <!-- Test_HomePageTabs_CA -->
  <testcase classname="LOT.LotAllLanguages" name="Test_HomePageTabs_CH" time="0.0">
    <skipped/>
  </testcase> <!-- Test_HomePageTabs_CH -->
  <testcase classname="LOT.LotAllLanguages" name="Test_HomePageTabs_CN" time="0.0">
    <skipped/>
  </testcase> <!-- Test_HomePageTabs_CN -->
  <testcase classname="LOT.LotAllLanguages" name="Test_HomePageTabs_CY" time="0.0">
    <skipped/>
  </testcase> <!-- Test_HomePageTabs_CY -->
  <testcase classname="LOT.LotAllLanguages" name="Test_HomePageTabs_CZ" time="0.0">
    <skipped/>
  </testcase> <!-- Test_HomePageTabs_CZ -->
  <testcase classname="LOT.LotAllLanguages" name="Test_HomePageTabs_DE" time="0.0">
    <skipped/>
  </testcase> <!-- Test_HomePageTabs_DE -->
  <testcase classname="LOT.LotAllLanguages" name="Test_HomePageTabs_DK" time="0.0">
    <skipped/>
  </testcase> <!-- Test_HomePageTabs_DK -->
  <testcase classname="LOT.LotAllLanguages" name="Test_HomePageTabs_EE" time="0.0">
    <skipped/>
  </testcase> <!-- Test_HomePageTabs_EE -->
  <testcase classname="LOT.LotAllLanguages" name="Test_HomePageTabs_EG" time="0.0">
    <skipped/>
  </testcase> <!-- Test_HomePageTabs_EG -->
  <testcase classname="LOT.LotAllLanguages" name="Test_HomePageTabs_ES" time="0.0">
    <skipped/>
  </testcase> <!-- Test_HomePageTabs_ES -->
  <testcase classname="LOT.LotAllLanguages" name="Test_HomePageTabs_FI" time="0.0">
    <skipped/>
  </testcase> <!-- Test_HomePageTabs_FI -->
  <testcase classname="LOT.LotAllLanguages" name="Test_HomePageTabs_FR" time="0.0">
    <skipped/>
  </testcase> <!-- Test_HomePageTabs_FR -->
  <testcase classname="LOT.LotAllLanguages" name="Test_HomePageTabs_GB" time="0.0">
    <skipped/>
  </testcase> <!-- Test_HomePageTabs_GB -->
  <testcase classname="LOT.LotAllLanguages" name="Test_HomePageTabs_GE" time="0.0">
    <skipped/>
  </testcase> <!-- Test_HomePageTabs_GE -->
  <testcase classname="LOT.LotAllLanguages" name="Test_HomePageTabs_GR" time="0.0">
    <skipped/>
  </testcase> <!-- Test_HomePageTabs_GR -->
  <testcase classname="LOT.LotAllLanguages" name="Test_HomePageTabs_HR" time="0.0">
    <skipped/>
  </testcase> <!-- Test_HomePageTabs_HR -->
  <testcase classname="LOT.LotAllLanguages" name="Test_HomePageTabs_HU" time="0.0">
    <skipped/>
  </testcase> <!-- Test_HomePageTabs_HU -->
  <testcase classname="LOT.LotAllLanguages" name="Test_HomePageTabs_IL" time="0.0">
    <skipped/>
  </testcase> <!-- Test_HomePageTabs_IL -->
  <testcase classname="LOT.LotAllLanguages" name="Test_HomePageTabs_IT" time="0.0">
    <skipped/>
  </testcase> <!-- Test_HomePageTabs_IT -->
  <testcase classname="LOT.LotAllLanguages" name="Test_HomePageTabs_JA" time="0.0">
    <skipped/>
  </testcase> <!-- Test_HomePageTabs_JA -->
  <testcase classname="LOT.LotAllLanguages" name="Test_HomePageTabs_KR" time="0.0">
    <skipped/>
  </testcase> <!-- Test_HomePageTabs_KR -->
  <testcase classname="LOT.LotAllLanguages" name="Test_HomePageTabs_KZ" time="0.0">
    <skipped/>
  </testcase> <!-- Test_HomePageTabs_KZ -->
  <testcase classname="LOT.LotAllLanguages" name="Test_HomePageTabs_LB" time="0.0">
    <skipped/>
  </testcase> <!-- Test_HomePageTabs_LB -->
  <testcase classname="LOT.LotAllLanguages" name="Test_HomePageTabs_LT" time="0.0">
    <skipped/>
  </testcase> <!-- Test_HomePageTabs_LT -->
  <testcase classname="LOT.LotAllLanguages" name="Test_HomePageTabs_LU" time="0.0">
    <skipped/>
  </testcase> <!-- Test_HomePageTabs_LU -->
  <testcase classname="LOT.LotAllLanguages" name="Test_HomePageTabs_LV" time="0.0">
    <skipped/>
  </testcase> <!-- Test_HomePageTabs_LV -->
  <testcase classname="LOT.LotAllLanguages" name="Test_HomePageTabs_MD" time="0.0">
    <skipped/>
  </testcase> <!-- Test_HomePageTabs_MD -->
  <testcase classname="LOT.LotAllLanguages" name="Test_HomePageTabs_ME" time="0.0">
    <skipped/>
  </testcase> <!-- Test_HomePageTabs_ME -->
  <testcase classname="LOT.LotAllLanguages" name="Test_HomePageTabs_MK" time="0.0">
    <skipped/>
  </testcase> <!-- Test_HomePageTabs_MK -->
  <testcase classname="LOT.LotAllLanguages" name="Test_HomePageTabs_NL" time="0.0">
    <skipped/>
  </testcase> <!-- Test_HomePageTabs_NL -->
  <testcase classname="LOT.LotAllLanguages" name="Test_HomePageTabs_NO" time="0.0">
    <skipped/>
  </testcase> <!-- Test_HomePageTabs_NO -->
  <testcase classname="LOT.LotAllLanguages" name="Test_HomePageTabs_PL" time="0.0">
    <skipped/>
  </testcase> <!-- Test_HomePageTabs_PL -->
  <testcase classname="LOT.LotAllLanguages" name="Test_HomePageTabs_RO" time="0.0">
    <skipped/>
  </testcase> <!-- Test_HomePageTabs_RO -->
  <testcase classname="LOT.LotAllLanguages" name="Test_HomePageTabs_RS" time="0.0">
    <skipped/>
  </testcase> <!-- Test_HomePageTabs_RS -->
  <testcase classname="LOT.LotAllLanguages" name="Test_HomePageTabs_RU" time="0.0">
    <skipped/>
  </testcase> <!-- Test_HomePageTabs_RU -->
  <testcase classname="LOT.LotAllLanguages" name="Test_HomePageTabs_SE" time="0.0">
    <skipped/>
  </testcase> <!-- Test_HomePageTabs_SE -->
  <testcase classname="LOT.LotAllLanguages" name="Test_HomePageTabs_SG" time="0.0">
    <skipped/>
  </testcase> <!-- Test_HomePageTabs_SG -->
  <testcase classname="LOT.LotAllLanguages" name="Test_HomePageTabs_SI" time="0.0">
    <skipped/>
  </testcase> <!-- Test_HomePageTabs_SI -->
  <testcase classname="LOT.LotAllLanguages" name="Test_HomePageTabs_SK" time="0.0">
    <skipped/>
  </testcase> <!-- Test_HomePageTabs_SK -->
  <testcase classname="LOT.LotAllLanguages" name="Test_HomePageTabs_TR" time="0.0">
    <skipped/>
  </testcase> <!-- Test_HomePageTabs_TR -->
  <testcase classname="LOT.LotAllLanguages" name="Test_HomePageTabs_UA" time="0.0">
    <skipped/>
  </testcase> <!-- Test_HomePageTabs_UA -->
  <testcase classname="LOT.LotAllLanguages" name="Test_HomePageTabs_US" time="0.0">
    <skipped/>
  </testcase> <!-- Test_HomePageTabs_US -->
</testsuite> <!-- Nopackage -->
