<?xml version="1.0" encoding="UTF-8"?>
<!-- Generated by org.testng.reporters.JUnitXMLReporter -->
<testsuite ignored="0" hostname="N-5CG7492PHQ" failures="0" tests="3" name="BiletyAll" time="74.082" errors="0" timestamp="13 wrz 2018 11:16:29 GMT">
  <testcase classname="LOT.LotBiletyAll" name="Test_BuyTicketsEU" time="69.814"/>
  <testcase classname="LOT.LotBiletyAll" name="Test_BuyTicketsHU" time="0.0">
    <skipped/>
  </testcase> <!-- Test_BuyTicketsHU -->
  <testcase classname="LOT.LotBiletyAll" name="Test_BuyTicketsUS" time="0.0">
    <skipped/>
  </testcase> <!-- Test_BuyTicketsUS -->
</testsuite> <!-- BiletyAll -->
