<?xml version="1.0" encoding="UTF-8"?>
<!-- Generated by org.testng.reporters.JUnitXMLReporter -->
<testsuite ignored="0" hostname="N-5CG7492PHQ" failures="0" tests="9" name="Paczka1" time="242.662" errors="0" timestamp="13 wrz 2018 11:02:47 GMT">
  <testcase classname="LOT.LotBiletyAllSelectPlacesAndEquipmentAndBaggage" name="Test_BuyTicketsEU" time="110.739"/>
  <testcase classname="LOT.LotBiletyAllSelectPlacesAndEquipmentAndBaggage" name="Test_BuyTicketsHU" time="0.0">
    <skipped/>
  </testcase> <!-- Test_BuyTicketsHU -->
  <testcase classname="LOT.LotBiletyAllSelectPlacesAndEquipmentAndBaggage" name="Test_BuyTicketsUS" time="0.0">
    <skipped/>
  </testcase> <!-- Test_BuyTicketsUS -->
  <testcase classname="LOT.LotBiletyAll" name="Test_BuyTicketsEU" time="65.449"/>
  <testcase classname="LOT.LotBiletyAll" name="Test_BuyTicketsHU" time="0.0">
    <skipped/>
  </testcase> <!-- Test_BuyTicketsHU -->
  <testcase classname="LOT.LotBiletyAll" name="Test_BuyTicketsUS" time="0.0">
    <skipped/>
  </testcase> <!-- Test_BuyTicketsUS -->
  <testcase classname="LOT.LotBiletyAllshort" name="Test_BuyTicketsEU" time="55.068"/>
  <testcase classname="LOT.LotBiletyAllshort" name="Test_BuyTicketsHU" time="0.0">
    <skipped/>
  </testcase> <!-- Test_BuyTicketsHU -->
  <testcase classname="LOT.LotBiletyAllshort" name="Test_BuyTicketsUS" time="0.0">
    <skipped/>
  </testcase> <!-- Test_BuyTicketsUS -->
</testsuite> <!-- Paczka1 -->
