<?xml version="1.0" encoding="UTF-8"?>
<!-- Generated by org.testng.reporters.JUnitXMLReporter -->
<testsuite ignored="0" hostname="N-5CG7492PHQ" failures="0" tests="3" name="SelectPlacesAndEquipmentAndBaggage" time="101.417" errors="0" timestamp="13 wrz 2018 11:15:15 GMT">
  <testcase classname="LOT.LotBiletyAllSelectPlacesAndEquipmentAndBaggage" name="Test_BuyTicketsEU" time="94.872"/>
  <testcase classname="LOT.LotBiletyAllSelectPlacesAndEquipmentAndBaggage" name="Test_BuyTicketsHU" time="0.0">
    <skipped/>
  </testcase> <!-- Test_BuyTicketsHU -->
  <testcase classname="LOT.LotBiletyAllSelectPlacesAndEquipmentAndBaggage" name="Test_BuyTicketsUS" time="0.0">
    <skipped/>
  </testcase> <!-- Test_BuyTicketsUS -->
</testsuite> <!-- SelectPlacesAndEquipmentAndBaggage -->
