<?xml version="1.0" encoding="UTF-8"?>
<!-- Generated by org.testng.reporters.JUnitReportReporter -->
<testsuite hostname="N-5CG7492PHQ" failures="0" tests="4" name="LOT.LotBiletyAllshortSauceLabs" time="0.016" errors="1" timestamp="09 paź 2018 08:33:02 GMT" skipped="3">
  <testcase classname="LOT.LotBiletyAllshortSauceLabs" name="setUp" time="0.016">
    <error type="java.lang.NullPointerException">
      <![CDATA[java.lang.NullPointerException
at LOT.LotBiletyAllshortSauceLabs.setUp(LotBiletyAllshortSauceLabs.java:60)
at java.base/jdk.internal.reflect.NativeMethodAccessorImpl.invoke0(Native Method)
at java.base/jdk.internal.reflect.NativeMethodAccessorImpl.invoke(NativeMethodAccessorImpl.java:62)
at java.base/jdk.internal.reflect.DelegatingMethodAccessorImpl.invoke(DelegatingMethodAccessorImpl.java:43)
at java.base/java.lang.reflect.Method.invoke(Method.java:564)
at org.testng.internal.MethodInvocationHelper.invokeMethod(MethodInvocationHelper.java:124)
at org.testng.internal.MethodInvocationHelper.invokeMethodConsideringTimeout(MethodInvocationHelper.java:59)
at org.testng.internal.Invoker.invokeConfigurationMethod(Invoker.java:458)
at org.testng.internal.Invoker.invokeConfigurations(Invoker.java:222)
at org.testng.internal.Invoker.invokeConfigurations(Invoker.java:142)
at org.testng.TestRunner.beforeRun(TestRunner.java:529)
at org.testng.TestRunner.run(TestRunner.java:497)
at org.testng.SuiteRunner.runTest(SuiteRunner.java:455)
at org.testng.SuiteRunner.runSequentially(SuiteRunner.java:450)
at org.testng.SuiteRunner.privateRun(SuiteRunner.java:415)
at org.testng.SuiteRunner.run(SuiteRunner.java:364)
at org.testng.SuiteRunnerWorker.runSuite(SuiteRunnerWorker.java:52)
at org.testng.SuiteRunnerWorker.run(SuiteRunnerWorker.java:84)
at org.testng.TestNG.runSuitesSequentially(TestNG.java:1208)
at org.testng.TestNG.runSuitesLocally(TestNG.java:1137)
at org.testng.TestNG.runSuites(TestNG.java:1049)
at org.testng.TestNG.run(TestNG.java:1017)
at org.testng.IDEARemoteTestNG.run(IDEARemoteTestNG.java:72)
at org.testng.RemoteTestNGStarter.main(RemoteTestNGStarter.java:123)
]]>
    </error>
  </testcase> <!-- setUp -->
  <testcase classname="LOT.LotBiletyAllshortSauceLabs" name="Test_BuyTicketsHU" time="0.000">
    <skipped/>
  </testcase> <!-- Test_BuyTicketsHU -->
  <testcase classname="LOT.LotBiletyAllshortSauceLabs" name="Test_BuyTicketsEU" time="0.000">
    <skipped/>
  </testcase> <!-- Test_BuyTicketsEU -->
  <testcase classname="LOT.LotBiletyAllshortSauceLabs" name="Test_BuyTicketsUS" time="0.000">
    <skipped/>
  </testcase> <!-- Test_BuyTicketsUS -->
</testsuite> <!-- LOT.LotBiletyAllshortSauceLabs -->
