<?xml version="1.0" encoding="UTF-8"?>
<!-- Generated by org.testng.reporters.JUnitReportReporter -->
<testsuite hostname="N-5CG7492PHQ" failures="0" tests="1" name="LOT.FireFox.LotBiletyAllSelectPlacesAndBaggageFF" time="0.000" errors="0" timestamp="05 paź 2018 12:53:15 GMT" skipped="1">
  <testcase classname="LOT.FireFox.LotBiletyAllSelectPlacesAndBaggageFF" name="Test_BuyTickets" time="0.000">
    <skipped/>
  </testcase> <!-- Test_BuyTickets -->
</testsuite> <!-- LOT.FireFox.LotBiletyAllSelectPlacesAndBaggageFF -->
