<?xml version="1.0" encoding="UTF-8"?>
<!-- Generated by org.testng.reporters.JUnitReportReporter -->
<testsuite hostname="N-5CG7492PHQ" failures="0" tests="3" name="LOT.LotBiletyAll" time="246.969" errors="0" timestamp="17 paź 2018 10:44:08 GMT" skipped="0">
  <testcase classname="LOT.LotBiletyAll" name="Test_BuyTicketsEU" time="74.122"/>
  <testcase classname="LOT.LotBiletyAll" name="Test_BuyTicketsEU" time="75.073"/>
  <testcase classname="LOT.LotBiletyAll" name="Test_BuyTicketsEU" time="97.774"/>
</testsuite> <!-- LOT.LotBiletyAll -->
