<?xml version="1.0" encoding="UTF-8"?>
<!-- Generated by org.testng.reporters.JUnitReportReporter -->
<testsuite hostname="N-5CG7492PHQ" failures="0" tests="1" name="LOT.FireFox.LotBiletyAllSelectPlacesAndEquipmentAndBaggageFF" time="130.263" errors="0" timestamp="05 paź 2018 14:05:45 GMT" skipped="0">
  <testcase classname="LOT.FireFox.LotBiletyAllSelectPlacesAndEquipmentAndBaggageFF" name="Test_BuyTicketsEU" time="130.263"/>
</testsuite> <!-- LOT.FireFox.LotBiletyAllSelectPlacesAndEquipmentAndBaggageFF -->
