<?xml version="1.0" encoding="UTF-8"?>
<!-- Generated by org.testng.reporters.JUnitReportReporter -->
<testsuite hostname="N-5CG7492PHQ" failures="0" tests="3" name="LOT.LotBiletyAllshortSauceLabsTEST" time="90.660" errors="0" timestamp="16 paź 2018 13:41:22 GMT" skipped="0">
  <testcase classname="LOT.LotBiletyAllshortSauceLabsTEST" name="Test_BuyTickets" time="27.731"/>
  <testcase classname="LOT.LotBiletyAllshortSauceLabsTEST" name="Test_BuyTickets" time="29.325"/>
  <testcase classname="LOT.LotBiletyAllshortSauceLabsTEST" name="Test_BuyTickets" time="33.604"/>
</testsuite> <!-- LOT.LotBiletyAllshortSauceLabsTEST -->
