<?xml version="1.0" encoding="UTF-8"?>
<!-- Generated by org.testng.reporters.JUnitXMLReporter -->
<testsuite ignored="0" hostname="N-5CG7492PHQ" failures="0" tests="1" name="Test_BuyTickets" time="2.177" errors="0" timestamp="13 cze 2018 07:50:29 GMT">
  <testcase classname="LOT.LotBiletyEUcopy" name="@BeforeTest setUp" time="2.177">
    <failure type="java.lang.NoClassDefFoundError" message="pageObjects/HomePage">
      <![CDATA[java.lang.NoClassDefFoundError: pageObjects/HomePage
	at LOT.LotBiletyEUcopy.setUp(LotBiletyEUcopy.java:48)
Caused by: java.lang.ClassNotFoundException: pageObjects.HomePage
	at java.base/jdk.internal.loader.BuiltinClassLoader.loadClass(Unknown Source)
	at java.base/jdk.internal.loader.ClassLoaders$AppClassLoader.loadClass(Unknown Source)
	at java.base/java.lang.ClassLoader.loadClass(Unknown Source)
	... 23 more
... Removed 22 stack frames]]>
    </failure>
  </testcase> <!-- @BeforeTest setUp -->
  <testcase classname="LOT.LotBiletyEUcopy" name="Test_BuyTickets" time="0.0">
    <skipped/>
  </testcase> <!-- Test_BuyTickets -->
</testsuite> <!-- Test_BuyTickets -->
